<?xml version="1.0" encoding="UTF-8"?>
<testsuite xmlns:xsi="http://www.w3.org/2001/XMLSchema-instance" xsi:noNamespaceSchemaLocation="https://maven.apache.org/surefire/maven-surefire-plugin/xsd/surefire-test-report-3.0.xsd" version="3.0" name="com.atividadeTestes1.atividadeTestes1.AtividadeTestes1ApplicationTests" time="5.801" tests="8" errors="0" skipped="0" failures="0">
  <properties>
[...]
</properties>
  <testcase name="testSumMethodService" classname="com.atividadeTestes1.atividadeTestes1.AtividadeTestes1ApplicationTests" time="1.575">
    <system-out><![CDATA[23:23:20.425 [main] INFO org.springframework.test.context.support.AnnotationConfigContextLoaderUtils -- Could not detect default configuration classes for test class [com.atividadeTestes1.atividadeTestes1.AtividadeTestes1ApplicationTests]: AtividadeTestes1ApplicationTests does not declare any static, non-private, non-final, nested classes annotated with @Configuration.
23:23:20.690 [main] INFO org.springframework.boot.test.context.SpringBootTestContextBootstrapper -- Found @SpringBootConfiguration com.atividadeTestes1.atividadeTestes1.AtividadeTestes1Application for test class com.atividadeTestes1.atividadeTestes1.AtividadeTestes1ApplicationTests

  .   ____          _            __ _ _
 /\\ / ___'_ __ _ _(_)_ __  __ _ \ \ \ \
( ( )\___ | '_ | '_| | '_ \/ _` | \ \ \ \
 \\/  ___)| |_)| | | | | || (_| |  ) ) ) )
  '  |____| .__|_| |_|_| |_\__, | / / / /
 =========|_|==============|___/=/_/_/_/

 :: Spring Boot ::                (v3.3.3)

2024-09-10T23:23:21.588-03:00  INFO 10589 --- [atividadeTestes1Date] [           main] c.a.a.AtividadeTestes1ApplicationTests   : Starting AtividadeTestes1ApplicationTests using Java 17.0.8 with PID 10589 (started by flpwnix in /home/flpwnix/projects/4periodo/atividadeTestes1/atividadeTestes1)
2024-09-10T23:23:21.592-03:00  INFO 10589 --- [atividadeTestes1Date] [           main] c.a.a.AtividadeTestes1ApplicationTests   : No active profile set, falling back to 1 default profile: "default"
2024-09-10T23:23:23.992-03:00  INFO 10589 --- [atividadeTestes1Date] [           main] c.a.a.AtividadeTestes1ApplicationTests   : Started AtividadeTestes1ApplicationTests in 2.942 seconds (process running for 5.572)
]]></system-out>
  </testcase>
  <testcase name="testAvgMethodService" classname="com.atividadeTestes1.atividadeTestes1.AtividadeTestes1ApplicationTests" time="0.006"/>
  <testcase name="testRepetidosMethodController" classname="com.atividadeTestes1.atividadeTestes1.AtividadeTestes1ApplicationTests" time="0.004"/>
  <testcase name="testAvgMethod" classname="com.atividadeTestes1.atividadeTestes1.AtividadeTestes1ApplicationTests" time="0.005"/>
  <testcase name="testExtremesMethod" classname="com.atividadeTestes1.atividadeTestes1.AtividadeTestes1ApplicationTests" time="0.004"/>
  <testcase name="contextLoads" classname="com.atividadeTestes1.atividadeTestes1.AtividadeTestes1ApplicationTests" time="0.003"/>
  <testcase name="testExtremesMethodService" classname="com.atividadeTestes1.atividadeTestes1.AtividadeTestes1ApplicationTests" time="0.003"/>
  <testcase name="testSumMethod" classname="com.atividadeTestes1.atividadeTestes1.AtividadeTestes1ApplicationTests" time="0.004"/>
</testsuite>